13:12:25.720 [main] INFO  com.opensourceFramework.utils.ReportListener - I am onStart Method  : Test
13:12:25.734 [main] INFO  com.opensourceFramework.utils.ReportListener - The name of test case started is : getUsersTest
13:12:25.735 [main] DEBUG com.opensourceFramework.utils.ReportListener - Test Method name is : 
13:12:25.736 [main] ERROR com.opensourceFramework.utils.ReportListener - The name of the testcase failed is : getUsersTest
13:12:25.736 [main] ERROR com.opensourceFramework.utils.ReportListener - The name of the testcase failed is : getUsersTest
13:12:25.737 [main] INFO  com.opensourceFramework.utils.ReportListener - I am onFinish Method  : Test
13:14:43.707 [main] INFO  com.opensourceFramework.utils.ReportListener - I am onStart Method  : Test
13:14:43.722 [main] INFO  com.opensourceFramework.utils.ReportListener - The name of test case started is : getUsersTest
13:14:43.722 [main] DEBUG com.opensourceFramework.utils.ReportListener - Test Method name is : 
13:14:43.723 [main] ERROR com.opensourceFramework.utils.ReportListener - The name of the testcase failed is : getUsersTest
13:14:43.724 [main] ERROR com.opensourceFramework.utils.ReportListener - The name of the testcase failed is : getUsersTest
13:14:43.724 [main] INFO  com.opensourceFramework.utils.ReportListener - I am onFinish Method  : Test
13:15:55.723 [main] INFO  com.opensourceFramework.utils.ReportListener - I am onStart Method  : Test
13:15:55.738 [main] INFO  com.opensourceFramework.utils.ReportListener - The name of test case started is : getUsersTest
13:15:55.738 [main] DEBUG com.opensourceFramework.utils.ReportListener - Test Method name is : 
13:15:55.739 [main] ERROR com.opensourceFramework.utils.ReportListener - The name of the testcase failed is : getUsersTest
13:15:55.739 [main] ERROR com.opensourceFramework.utils.ReportListener - The name of the testcase failed is : getUsersTest
13:15:55.740 [main] INFO  com.opensourceFramework.utils.ReportListener - I am onFinish Method  : Test
13:16:21.467 [main] INFO  com.opensourceFramework.utils.ReportListener - I am onStart Method  : Test
13:16:21.488 [main] INFO  com.opensourceFramework.utils.ReportListener - The name of test case started is : getUsersTest
13:16:21.488 [main] DEBUG com.opensourceFramework.utils.ReportListener - Test Method name is : 
13:16:21.489 [main] ERROR com.opensourceFramework.utils.ReportListener - The name of the testcase failed is : getUsersTest
13:16:21.489 [main] ERROR com.opensourceFramework.utils.ReportListener - The name of the testcase failed is : getUsersTest
13:16:21.490 [main] INFO  com.opensourceFramework.utils.ReportListener - I am onFinish Method  : Test
13:16:46.367 [main] INFO  com.opensourceFramework.utils.ReportListener - I am onStart Method  : Test
13:16:46.382 [main] INFO  com.opensourceFramework.utils.ReportListener - The name of test case started is : getUsersTest
13:16:46.382 [main] DEBUG com.opensourceFramework.utils.ReportListener - Test Method name is : 
13:16:46.384 [main] ERROR com.opensourceFramework.utils.ReportListener - The name of the testcase failed is : getUsersTest
13:16:46.384 [main] ERROR com.opensourceFramework.utils.ReportListener - The name of the testcase failed is : getUsersTest
13:16:46.384 [main] INFO  com.opensourceFramework.utils.ReportListener - I am onFinish Method  : Test
13:17:39.622 [main] INFO  com.opensourceFramework.utils.ReportListener - I am onStart Method  : Test
13:17:39.638 [main] INFO  com.opensourceFramework.utils.ReportListener - The name of test case started is : getUsersTest
13:17:39.639 [main] DEBUG com.opensourceFramework.utils.ReportListener - Test Method name is : 
13:17:39.640 [main] ERROR com.opensourceFramework.utils.ReportListener - The name of the testcase failed is : getUsersTest
13:17:39.640 [main] ERROR com.opensourceFramework.utils.ReportListener - The name of the testcase failed is : getUsersTest
13:17:39.640 [main] INFO  com.opensourceFramework.utils.ReportListener - I am onFinish Method  : Test
13:17:48.134 [main] INFO  com.opensourceFramework.utils.ReportListener - I am onStart Method  : Test
13:17:48.152 [main] INFO  com.opensourceFramework.utils.ReportListener - The name of test case started is : getUsersTest
13:17:48.153 [main] DEBUG com.opensourceFramework.utils.ReportListener - Test Method name is : 
13:17:48.154 [main] ERROR com.opensourceFramework.utils.ReportListener - The name of the testcase failed is : getUsersTest
13:17:48.155 [main] ERROR com.opensourceFramework.utils.ReportListener - The name of the testcase failed is : getUsersTest
13:17:48.155 [main] INFO  com.opensourceFramework.utils.ReportListener - I am onFinish Method  : Test
13:19:15.347 [main] DEBUG org.apache.poi.openxml4j.opc.PackageRelationshipCollection - Parsing relationship: /xl/_rels/workbook.xml.rels
13:19:15.349 [main] DEBUG org.apache.poi.openxml4j.opc.PackageRelationshipCollection - Parsing relationship: /_rels/.rels
13:19:15.400 [main] TRACE org.apache.xmlbeans.impl.common.XBeanDebug - Loading type system org.apache.poi.schemas.ooxml.system.ooxml
13:19:15.401 [main] TRACE org.apache.xmlbeans.impl.common.XBeanDebug - Loading type system org.apache.xmlbeans.metadata.system.sXMLCONFIG
13:19:15.402 [main] TRACE org.apache.xmlbeans.impl.common.XBeanDebug - Loading type system org.apache.xmlbeans.metadata.system.sXMLLANG
13:19:15.402 [main] TRACE org.apache.xmlbeans.impl.common.XBeanDebug - Loading type system org.apache.xmlbeans.metadata.system.sXMLSCHEMA
13:19:15.402 [main] TRACE org.apache.xmlbeans.impl.common.XBeanDebug - Loading type system org.apache.xmlbeans.metadata.system.sXMLTOOLS
13:19:15.402 [main] TRACE org.apache.xmlbeans.impl.common.XBeanDebug - Reading unresolved handles for type system org.apache.xmlbeans.metadata.system.sXMLTOOLS
13:19:15.407 [main] TRACE org.apache.xmlbeans.impl.common.XBeanDebug - Finished loading type system org.apache.xmlbeans.metadata.system.sXMLTOOLS
13:19:15.407 [main] TRACE org.apache.xmlbeans.impl.common.XBeanDebug - Reading unresolved handles for type system org.apache.xmlbeans.metadata.system.sXMLSCHEMA
13:19:15.410 [main] TRACE org.apache.xmlbeans.impl.common.XBeanDebug - Finished loading type system org.apache.xmlbeans.metadata.system.sXMLSCHEMA
13:19:15.410 [main] TRACE org.apache.xmlbeans.impl.common.XBeanDebug - Reading unresolved handles for type system org.apache.xmlbeans.metadata.system.sXMLLANG
13:19:15.411 [main] TRACE org.apache.xmlbeans.impl.common.XBeanDebug - Finished loading type system org.apache.xmlbeans.metadata.system.sXMLLANG
13:19:15.411 [main] TRACE org.apache.xmlbeans.impl.common.XBeanDebug - Reading unresolved handles for type system org.apache.xmlbeans.metadata.system.sXMLCONFIG
13:19:15.412 [main] TRACE org.apache.xmlbeans.impl.common.XBeanDebug - Finished loading type system org.apache.xmlbeans.metadata.system.sXMLCONFIG
13:19:15.412 [main] TRACE org.apache.xmlbeans.impl.common.XBeanDebug - Reading unresolved handles for type system org.apache.poi.schemas.ooxml.system.ooxml
13:19:15.450 [main] TRACE org.apache.xmlbeans.impl.common.XBeanDebug - Finished loading type system org.apache.poi.schemas.ooxml.system.ooxml
13:19:15.450 [main] TRACE org.apache.xmlbeans.impl.common.XBeanDebug - Resolving type for handle sstf81fdoctype
13:19:15.465 [main] TRACE org.apache.xmlbeans.impl.common.XBeanDebug - Resolving type for handle ctsst44f3type
13:19:15.469 [main] TRACE org.apache.xmlbeans.impl.common.XBeanDebug - Resolving type for handle ctrsta472type
13:19:15.477 [main] TRACE org.apache.xmlbeans.impl.common.XBeanDebug - Resolving type for handle stylesheet5d8bdoctype
13:19:15.480 [main] TRACE org.apache.xmlbeans.impl.common.XBeanDebug - Resolving type for handle ctstylesheet4257type
13:19:15.481 [main] TRACE org.apache.xmlbeans.impl.common.XBeanDebug - Resolving type for handle ctcolors6579type
13:19:15.482 [main] TRACE org.apache.xmlbeans.impl.common.XBeanDebug - Resolving type for handle ctindexedcolorsa0a0type
13:19:15.484 [main] TRACE org.apache.xmlbeans.impl.common.XBeanDebug - Resolving type for handle ctrgbcolor95dftype
13:19:15.484 [main] TRACE org.apache.xmlbeans.impl.common.XBeanDebug - Resolving type for handle stunsignedinthex27datype
13:19:15.486 [main] TRACE org.apache.xmlbeans.impl.common.XBeanDebug - Resolving type for handle ctnumfmtsb58btype
13:19:15.487 [main] TRACE org.apache.xmlbeans.impl.common.XBeanDebug - Resolving type for handle ctnumfmt3870type
13:19:15.488 [main] TRACE org.apache.xmlbeans.impl.common.XBeanDebug - Resolving type for handle stnumfmtid76fbtype
13:19:15.488 [main] TRACE org.apache.xmlbeans.impl.common.XBeanDebug - Resolving type for handle stxstringf179type
13:19:15.489 [main] TRACE org.apache.xmlbeans.impl.common.XBeanDebug - Resolving type for handle ctfonts6623type
13:19:15.490 [main] TRACE org.apache.xmlbeans.impl.common.XBeanDebug - Resolving type for handle ctfont14d8type
13:19:15.492 [main] TRACE org.apache.xmlbeans.impl.common.XBeanDebug - Resolving type for handle ctfills2c6ftype
13:19:15.493 [main] TRACE org.apache.xmlbeans.impl.common.XBeanDebug - Resolving type for handle ctfill550ctype
13:19:15.493 [main] TRACE org.apache.xmlbeans.impl.common.XBeanDebug - Resolving type for handle ctborders0d66type
13:19:15.494 [main] TRACE org.apache.xmlbeans.impl.common.XBeanDebug - Resolving type for handle ctborderf935type
13:19:15.495 [main] TRACE org.apache.xmlbeans.impl.common.XBeanDebug - Resolving type for handle ctcellxfs1322type
13:19:15.496 [main] TRACE org.apache.xmlbeans.impl.common.XBeanDebug - Resolving type for handle ctxf97f7type
13:19:15.497 [main] TRACE org.apache.xmlbeans.impl.common.XBeanDebug - Resolving type for handle ctcellstylexfsa81ftype
13:19:15.498 [main] TRACE org.apache.xmlbeans.impl.common.XBeanDebug - Resolving type for handle ctdxfsb26atype
13:19:15.499 [main] TRACE org.apache.xmlbeans.impl.common.XBeanDebug - Resolving type for handle cttablestyles872ftype
13:19:15.500 [main] TRACE org.apache.xmlbeans.impl.common.XBeanDebug - Resolving type for handle themefd26doctype
13:19:15.509 [main] TRACE org.apache.xmlbeans.impl.common.XBeanDebug - Resolving type for handle workbookec17doctype
13:19:15.511 [main] TRACE org.apache.xmlbeans.impl.common.XBeanDebug - Resolving type for handle ctworkbook83c3type
13:19:15.513 [main] TRACE org.apache.xmlbeans.impl.common.XBeanDebug - Resolving type for handle ctsheets49fdtype
13:19:15.513 [main] TRACE org.apache.xmlbeans.impl.common.XBeanDebug - Resolving type for handle ctsheet4dbetype
13:19:15.514 [main] TRACE org.apache.xmlbeans.impl.common.XBeanDebug - Resolving type for handle strelationshipid1e94type
13:19:15.514 [main] TRACE org.apache.xmlbeans.impl.common.XBeanDebug - Resolving type for handle worksheetf539doctype
13:19:15.516 [main] TRACE org.apache.xmlbeans.impl.common.XBeanDebug - Resolving type for handle ctworksheet530dtype
13:19:15.520 [main] TRACE org.apache.xmlbeans.impl.common.XBeanDebug - Resolving type for handle ctcols627ctype
13:19:15.521 [main] TRACE org.apache.xmlbeans.impl.common.XBeanDebug - Resolving type for handle ctcola95ftype
13:19:15.526 [main] TRACE org.apache.xmlbeans.impl.common.XBeanDebug - Resolving type for handle ctsheetdata8408type
13:19:15.527 [main] TRACE org.apache.xmlbeans.impl.common.XBeanDebug - Resolving type for handle ctrowdd39type
13:19:15.529 [main] TRACE org.apache.xmlbeans.impl.common.XBeanDebug - Resolving type for handle ctcell842btype
13:19:15.532 [main] TRACE org.apache.xmlbeans.impl.common.XBeanDebug - Resolving type for handle stcellrefe4e0type
13:19:15.539 [main] TRACE org.apache.xmlbeans.impl.common.XBeanDebug - Resolving type for handle stcelltypebf95type
13:19:15.542 [main] TRACE com.opensourceFramework.utils.ExcelUtils - Unique Test Cases are : 6
13:19:15.563 [main] INFO  com.opensourceFramework.utils.ReportListener - I am onStart Method  : Test
13:19:15.574 [main] INFO  com.opensourceFramework.utils.ReportListener - The name of test case started is : getUsersTest
13:19:15.574 [main] DEBUG com.opensourceFramework.utils.ReportListener - Test Method name is : 
13:19:15.575 [main] ERROR com.opensourceFramework.utils.ReportListener - The name of the testcase failed is : getUsersTest
13:19:15.575 [main] ERROR com.opensourceFramework.utils.ReportListener - The name of the testcase failed is : getUsersTest
13:19:15.576 [main] INFO  com.opensourceFramework.utils.ReportListener - I am onFinish Method  : Test
13:20:09.860 [main] INFO  com.opensourceFramework.utils.ReportListener - I am onStart Method  : Test
13:20:09.876 [main] INFO  com.opensourceFramework.utils.ReportListener - The name of test case started is : getUsersTest
13:20:09.876 [main] DEBUG com.opensourceFramework.utils.ReportListener - Test Method name is : 
13:20:09.877 [main] ERROR com.opensourceFramework.utils.ReportListener - The name of the testcase failed is : getUsersTest
13:20:09.877 [main] ERROR com.opensourceFramework.utils.ReportListener - The name of the testcase failed is : getUsersTest
13:20:09.878 [main] INFO  com.opensourceFramework.utils.ReportListener - I am onFinish Method  : Test
